# JRE version: Java(TM) SE Runtime Environment (20.0.1+9) (build 20.0.1+9-29)
# Java VM: Java HotSpot(TM) 64-Bit Server VM (20.0.1+9-29, mixed mode, sharing, tiered, compressed oops, compressed class ptrs, g1 gc, windows-amd64)
GC Precious Log:
 CardTable entry size: 512
 Card Set container configuration: InlinePtr #cards 5 size 8 Array Of Cards #cards 12 size 40 Howl #buckets 4 coarsen threshold 1843 Howl Bitmap #cards 512 size 80 coarsen threshold 460 Card regions per heap region 1 cards per card region 2048
 CPUs: 4 total, 4 available
 Memory: 8064M
 Large Page Support: Disabled
 NUMA Support: Disabled
 Compressed Oops: Enabled (32-bit)
 Heap Region Size: 1M
 Heap Min Capacity: 8M
 Heap Initial Capacity: 128M
 Heap Max Capacity: 2018M
 Pre-touch: Disabled
 Parallel Workers: 4
 Concurrent Workers: 1
 Concurrent Refinement Workers: 4
 Periodic GC: Disabled
Heap:
 garbage-first heap   total 45056K, used 32734K [0x0000000081e00000, 0x0000000100000000)
  region size 1024K, 18 young (18432K), 2 survivors (2048K)
 Metaspace       used 43610K, committed 44032K, reserved 1114112K
  class space    used 5472K, committed 5632K, reserved 1048576K
GC Heap History (16 events):
Event: 1.280 GC heap before
{Heap before GC invocations=0 (full 0):
 garbage-first heap   total 131072K, used 13312K [0x0000000081e00000, 0x0000000100000000)
  region size 1024K, 13 young (13312K), 0 survivors (0K)
 Metaspace       used 3208K, committed 3328K, reserved 1114112K
  class space    used 314K, committed 384K, reserved 1048576K
}
Event: 1.286 GC heap after
{Heap after GC invocations=1 (full 0):
 garbage-first heap   total 131072K, used 6799K [0x0000000081e00000, 0x0000000100000000)
  region size 1024K, 2 young (2048K), 2 survivors (2048K)
 Metaspace       used 3208K, committed 3328K, reserved 1114112K
  class space    used 314K, committed 384K, reserved 1048576K
}
Event: 1.716 GC heap before
{Heap before GC invocations=1 (full 0):
 garbage-first heap   total 131072K, used 18063K [0x0000000081e00000, 0x0000000100000000)
  region size 1024K, 13 young (13312K), 2 survivors (2048K)
 Metaspace       used 6064K, committed 6208K, reserved 1114112K
  class space    used 670K, committed 768K, reserved 1048576K
}
Event: 1.720 GC heap after
{Heap after GC invocations=2 (full 0):
 garbage-first heap   total 131072K, used 7538K [0x0000000081e00000, 0x0000000100000000)
  region size 1024K, 1 young (1024K), 1 survivors (1024K)
 Metaspace       used 6064K, committed 6208K, reserved 1114112K
  class space    used 670K, committed 768K, reserved 1048576K
}
Event: 2.509 GC heap before
{Heap before GC invocations=2 (full 0):
 garbage-first heap   total 131072K, used 35186K [0x0000000081e00000, 0x0000000100000000)
  region size 1024K, 29 young (29696K), 1 survivors (1024K)
 Metaspace       used 13739K, committed 13952K, reserved 1114112K
  class space    used 1634K, committed 1728K, reserved 1048576K
}
Event: 2.513 GC heap after
{Heap after GC invocations=3 (full 0):
 garbage-first heap   total 131072K, used 9193K [0x0000000081e00000, 0x0000000100000000)
  region size 1024K, 3 young (3072K), 3 survivors (3072K)
 Metaspace       used 13739K, committed 13952K, reserved 1114112K
  class space    used 1634K, committed 1728K, reserved 1048576K
}
Event: 4.394 GC heap before
{Heap before GC invocations=3 (full 0):
 garbage-first heap   total 131072K, used 56297K [0x0000000081e00000, 0x0000000100000000)
  region size 1024K, 51 young (52224K), 3 survivors (3072K)
 Metaspace       used 21216K, committed 21504K, reserved 1114112K
  class space    used 2567K, committed 2688K, reserved 1048576K
}
Event: 4.407 GC heap after
{Heap after GC invocations=4 (full 0):
 garbage-first heap   total 131072K, used 12864K [0x0000000081e00000, 0x0000000100000000)
  region size 1024K, 6 young (6144K), 6 survivors (6144K)
 Metaspace       used 21216K, committed 21504K, reserved 1114112K
  class space    used 2567K, committed 2688K, reserved 1048576K
}
Event: 5.467 GC heap before
{Heap before GC invocations=5 (full 0):
 garbage-first heap   total 45056K, used 33344K [0x0000000081e00000, 0x0000000100000000)
  region size 1024K, 26 young (26624K), 6 survivors (6144K)
 Metaspace       used 25947K, committed 26368K, reserved 1114112K
  class space    used 3199K, committed 3392K, reserved 1048576K
}
Event: 5.481 GC heap after
{Heap after GC invocations=6 (full 0):
 garbage-first heap   total 45056K, used 15564K [0x0000000081e00000, 0x0000000100000000)
  region size 1024K, 3 young (3072K), 3 survivors (3072K)
 Metaspace       used 25947K, committed 26368K, reserved 1114112K
  class space    used 3199K, committed 3392K, reserved 1048576K
}
Event: 6.118 GC heap before
{Heap before GC invocations=6 (full 0):
 garbage-first heap   total 45056K, used 32972K [0x0000000081e00000, 0x0000000100000000)
  region size 1024K, 21 young (21504K), 3 survivors (3072K)
 Metaspace       used 28278K, committed 28608K, reserved 1114112K
  class space    used 3471K, committed 3584K, reserved 1048576K
}
Event: 6.126 GC heap after
{Heap after GC invocations=7 (full 0):
 garbage-first heap   total 45056K, used 16695K [0x0000000081e00000, 0x0000000100000000)
  region size 1024K, 2 young (2048K), 2 survivors (2048K)
 Metaspace       used 28278K, committed 28608K, reserved 1114112K
  class space    used 3471K, committed 3584K, reserved 1048576K
}
Event: 6.876 GC heap before
{Heap before GC invocations=7 (full 0):
 garbage-first heap   total 45056K, used 35127K [0x0000000081e00000, 0x0000000100000000)
  region size 1024K, 21 young (21504K), 2 survivors (2048K)
 Metaspace       used 35503K, committed 35840K, reserved 1114112K
  class space    used 4529K, committed 4672K, reserved 1048576K
}
Event: 6.882 GC heap after
{Heap after GC invocations=8 (full 0):
 garbage-first heap   total 45056K, used 18129K [0x0000000081e00000, 0x0000000100000000)
  region size 1024K, 3 young (3072K), 3 survivors (3072K)
 Metaspace       used 35503K, committed 35840K, reserved 1114112K
  class space    used 4529K, committed 4672K, reserved 1048576K
}
Event: 6.895 GC heap before
{Heap before GC invocations=8 (full 0):
 garbage-first heap   total 45056K, used 18129K [0x0000000081e00000, 0x0000000100000000)
  region size 1024K, 4 young (4096K), 3 survivors (3072K)
 Metaspace       used 35660K, committed 35968K, reserved 1114112K
  class space    used 4542K, committed 4672K, reserved 1048576K
}
Event: 6.901 GC heap after
{Heap after GC invocations=9 (full 0):
 garbage-first heap   total 45056K, used 18398K [0x0000000081e00000, 0x0000000100000000)
  region size 1024K, 2 young (2048K), 2 survivors (2048K)
 Metaspace       used 35660K, committed 35968K, reserved 1114112K
  class space    used 4542K, committed 4672K, reserved 1048576K
}

