# JRE version: Java(TM) SE Runtime Environment (20.0.1+9) (build 20.0.1+9-29)
# Java VM: Java HotSpot(TM) 64-Bit Server VM (20.0.1+9-29, mixed mode, sharing, tiered, compressed oops, compressed class ptrs, g1 gc, windows-amd64)
GC Precious Log:
 CardTable entry size: 512
 Card Set container configuration: InlinePtr #cards 5 size 8 Array Of Cards #cards 12 size 40 Howl #buckets 4 coarsen threshold 1843 Howl Bitmap #cards 512 size 80 coarsen threshold 460 Card regions per heap region 1 cards per card region 2048
 CPUs: 4 total, 4 available
 Memory: 8064M
 Large Page Support: Disabled
 NUMA Support: Disabled
 Compressed Oops: Enabled (32-bit)
 Heap Region Size: 1M
 Heap Min Capacity: 8M
 Heap Initial Capacity: 128M
 Heap Max Capacity: 2018M
 Pre-touch: Disabled
 Parallel Workers: 4
 Concurrent Workers: 1
 Concurrent Refinement Workers: 4
 Periodic GC: Disabled
Heap:
 garbage-first heap   total 58368K, used 24286K [0x0000000081e00000, 0x0000000100000000)
  region size 1024K, 10 young (10240K), 3 survivors (3072K)
 Metaspace       used 40389K, committed 40768K, reserved 1114112K
  class space    used 5122K, committed 5312K, reserved 1048576K
GC Heap History (14 events):
Event: 0.599 GC heap before
{Heap before GC invocations=0 (full 0):
 garbage-first heap   total 131072K, used 14336K [0x0000000081e00000, 0x0000000100000000)
  region size 1024K, 13 young (13312K), 0 survivors (0K)
 Metaspace       used 3254K, committed 3392K, reserved 1114112K
  class space    used 319K, committed 384K, reserved 1048576K
}
Event: 0.606 GC heap after
{Heap after GC invocations=1 (full 0):
 garbage-first heap   total 131072K, used 6846K [0x0000000081e00000, 0x0000000100000000)
  region size 1024K, 2 young (2048K), 2 survivors (2048K)
 Metaspace       used 3254K, committed 3392K, reserved 1114112K
  class space    used 319K, committed 384K, reserved 1048576K
}
Event: 0.955 GC heap before
{Heap before GC invocations=1 (full 0):
 garbage-first heap   total 131072K, used 17086K [0x0000000081e00000, 0x0000000100000000)
  region size 1024K, 13 young (13312K), 2 survivors (2048K)
 Metaspace       used 6048K, committed 6208K, reserved 1114112K
  class space    used 675K, committed 768K, reserved 1048576K
}
Event: 0.959 GC heap after
{Heap after GC invocations=2 (full 0):
 garbage-first heap   total 131072K, used 7773K [0x0000000081e00000, 0x0000000100000000)
  region size 1024K, 1 young (1024K), 1 survivors (1024K)
 Metaspace       used 6048K, committed 6208K, reserved 1114112K
  class space    used 675K, committed 768K, reserved 1048576K
}
Event: 1.927 GC heap before
{Heap before GC invocations=2 (full 0):
 garbage-first heap   total 131072K, used 34397K [0x0000000081e00000, 0x0000000100000000)
  region size 1024K, 28 young (28672K), 1 survivors (1024K)
 Metaspace       used 13374K, committed 13632K, reserved 1114112K
  class space    used 1594K, committed 1728K, reserved 1048576K
}
Event: 1.932 GC heap after
{Heap after GC invocations=3 (full 0):
 garbage-first heap   total 131072K, used 9392K [0x0000000081e00000, 0x0000000100000000)
  region size 1024K, 3 young (3072K), 3 survivors (3072K)
 Metaspace       used 13374K, committed 13632K, reserved 1114112K
  class space    used 1594K, committed 1728K, reserved 1048576K
}
Event: 3.919 GC heap before
{Heap before GC invocations=3 (full 0):
 garbage-first heap   total 131072K, used 58544K [0x0000000081e00000, 0x0000000100000000)
  region size 1024K, 52 young (53248K), 3 survivors (3072K)
 Metaspace       used 21261K, committed 21504K, reserved 1114112K
  class space    used 2603K, committed 2688K, reserved 1048576K
}
Event: 3.929 GC heap after
{Heap after GC invocations=4 (full 0):
 garbage-first heap   total 131072K, used 13028K [0x0000000081e00000, 0x0000000100000000)
  region size 1024K, 6 young (6144K), 6 survivors (6144K)
 Metaspace       used 21261K, committed 21504K, reserved 1114112K
  class space    used 2603K, committed 2688K, reserved 1048576K
}
Event: 5.105 GC heap before
{Heap before GC invocations=5 (full 0):
 garbage-first heap   total 48128K, used 35556K [0x0000000081e00000, 0x0000000100000000)
  region size 1024K, 28 young (28672K), 6 survivors (6144K)
 Metaspace       used 25964K, committed 26368K, reserved 1114112K
  class space    used 3225K, committed 3392K, reserved 1048576K
}
Event: 5.119 GC heap after
{Heap after GC invocations=6 (full 0):
 garbage-first heap   total 48128K, used 15740K [0x0000000081e00000, 0x0000000100000000)
  region size 1024K, 3 young (3072K), 3 survivors (3072K)
 Metaspace       used 25964K, committed 26368K, reserved 1114112K
  class space    used 3225K, committed 3392K, reserved 1048576K
}
Event: 5.927 GC heap before
{Heap before GC invocations=6 (full 0):
 garbage-first heap   total 48128K, used 36220K [0x0000000081e00000, 0x0000000100000000)
  region size 1024K, 24 young (24576K), 3 survivors (3072K)
 Metaspace       used 30899K, committed 31232K, reserved 1114112K
  class space    used 3805K, committed 3968K, reserved 1048576K
}
Event: 5.936 GC heap after
{Heap after GC invocations=7 (full 0):
 garbage-first heap   total 48128K, used 17244K [0x0000000081e00000, 0x0000000100000000)
  region size 1024K, 2 young (2048K), 2 survivors (2048K)
 Metaspace       used 30899K, committed 31232K, reserved 1114112K
  class space    used 3805K, committed 3968K, reserved 1048576K
}
Event: 6.545 GC heap before
{Heap before GC invocations=7 (full 0):
 garbage-first heap   total 48128K, used 31580K [0x0000000081e00000, 0x0000000100000000)
  region size 1024K, 17 young (17408K), 2 survivors (2048K)
 Metaspace       used 35704K, committed 36096K, reserved 1114112K
  class space    used 4569K, committed 4736K, reserved 1048576K
}
Event: 6.549 GC heap after
{Heap after GC invocations=8 (full 0):
 garbage-first heap   total 58368K, used 18142K [0x0000000081e00000, 0x0000000100000000)
  region size 1024K, 3 young (3072K), 3 survivors (3072K)
 Metaspace       used 35704K, committed 36096K, reserved 1114112K
  class space    used 4569K, committed 4736K, reserved 1048576K
}

