# JRE version: Java(TM) SE Runtime Environment (20.0.1+9) (build 20.0.1+9-29)
# Java VM: Java HotSpot(TM) 64-Bit Server VM (20.0.1+9-29, mixed mode, sharing, tiered, compressed oops, compressed class ptrs, g1 gc, windows-amd64)
GC Precious Log:
 CardTable entry size: 512
 Card Set container configuration: InlinePtr #cards 5 size 8 Array Of Cards #cards 12 size 40 Howl #buckets 4 coarsen threshold 1843 Howl Bitmap #cards 512 size 80 coarsen threshold 460 Card regions per heap region 1 cards per card region 2048
 CPUs: 4 total, 4 available
 Memory: 8064M
 Large Page Support: Disabled
 NUMA Support: Disabled
 Compressed Oops: Enabled (32-bit)
 Heap Region Size: 1M
 Heap Min Capacity: 8M
 Heap Initial Capacity: 128M
 Heap Max Capacity: 2018M
 Pre-touch: Disabled
 Parallel Workers: 4
 Concurrent Workers: 1
 Concurrent Refinement Workers: 4
 Periodic GC: Disabled
Heap:
 garbage-first heap   total 48128K, used 30658K [0x0000000081e00000, 0x0000000100000000)
  region size 1024K, 12 young (12288K), 2 survivors (2048K)
 Metaspace       used 52350K, committed 52800K, reserved 1114112K
  class space    used 6719K, committed 6912K, reserved 1048576K
GC Heap History (18 events):
Event: 2.851 GC heap before
{Heap before GC invocations=0 (full 0):
 garbage-first heap   total 131072K, used 13312K [0x0000000081e00000, 0x0000000100000000)
  region size 1024K, 13 young (13312K), 0 survivors (0K)
 Metaspace       used 3215K, committed 3328K, reserved 1114112K
  class space    used 314K, committed 384K, reserved 1048576K
}
Event: 2.858 GC heap after
{Heap after GC invocations=1 (full 0):
 garbage-first heap   total 131072K, used 6805K [0x0000000081e00000, 0x0000000100000000)
  region size 1024K, 2 young (2048K), 2 survivors (2048K)
 Metaspace       used 3215K, committed 3328K, reserved 1114112K
  class space    used 314K, committed 384K, reserved 1048576K
}
Event: 3.372 GC heap before
{Heap before GC invocations=1 (full 0):
 garbage-first heap   total 131072K, used 18069K [0x0000000081e00000, 0x0000000100000000)
  region size 1024K, 13 young (13312K), 2 survivors (2048K)
 Metaspace       used 6071K, committed 6272K, reserved 1114112K
  class space    used 671K, committed 768K, reserved 1048576K
}
Event: 3.377 GC heap after
{Heap after GC invocations=2 (full 0):
 garbage-first heap   total 131072K, used 7859K [0x0000000081e00000, 0x0000000100000000)
  region size 1024K, 1 young (1024K), 1 survivors (1024K)
 Metaspace       used 6071K, committed 6272K, reserved 1114112K
  class space    used 671K, committed 768K, reserved 1048576K
}
Event: 4.291 GC heap before
{Heap before GC invocations=2 (full 0):
 garbage-first heap   total 131072K, used 34483K [0x0000000081e00000, 0x0000000100000000)
  region size 1024K, 28 young (28672K), 1 survivors (1024K)
 Metaspace       used 13454K, committed 13696K, reserved 1114112K
  class space    used 1596K, committed 1728K, reserved 1048576K
}
Event: 4.296 GC heap after
{Heap after GC invocations=3 (full 0):
 garbage-first heap   total 131072K, used 9364K [0x0000000081e00000, 0x0000000100000000)
  region size 1024K, 3 young (3072K), 3 survivors (3072K)
 Metaspace       used 13454K, committed 13696K, reserved 1114112K
  class space    used 1596K, committed 1728K, reserved 1048576K
}
Event: 6.833 GC heap before
{Heap before GC invocations=3 (full 0):
 garbage-first heap   total 131072K, used 57492K [0x0000000081e00000, 0x0000000100000000)
  region size 1024K, 51 young (52224K), 3 survivors (3072K)
 Metaspace       used 21259K, committed 21504K, reserved 1114112K
  class space    used 2569K, committed 2688K, reserved 1048576K
}
Event: 6.844 GC heap after
{Heap after GC invocations=4 (full 0):
 garbage-first heap   total 131072K, used 12957K [0x0000000081e00000, 0x0000000100000000)
  region size 1024K, 6 young (6144K), 6 survivors (6144K)
 Metaspace       used 21259K, committed 21504K, reserved 1114112K
  class space    used 2569K, committed 2688K, reserved 1048576K
}
Event: 8.077 GC heap before
{Heap before GC invocations=5 (full 0):
 garbage-first heap   total 48128K, used 35485K [0x0000000081e00000, 0x0000000100000000)
  region size 1024K, 28 young (28672K), 6 survivors (6144K)
 Metaspace       used 25987K, committed 26368K, reserved 1114112K
  class space    used 3201K, committed 3392K, reserved 1048576K
}
Event: 8.091 GC heap after
{Heap after GC invocations=6 (full 0):
 garbage-first heap   total 48128K, used 16118K [0x0000000081e00000, 0x0000000100000000)
  region size 1024K, 4 young (4096K), 4 survivors (4096K)
 Metaspace       used 25987K, committed 26368K, reserved 1114112K
  class space    used 3201K, committed 3392K, reserved 1048576K
}
Event: 9.025 GC heap before
{Heap before GC invocations=6 (full 0):
 garbage-first heap   total 48128K, used 36598K [0x0000000081e00000, 0x0000000100000000)
  region size 1024K, 24 young (24576K), 4 survivors (4096K)
 Metaspace       used 30831K, committed 31168K, reserved 1114112K
  class space    used 3751K, committed 3904K, reserved 1048576K
}
Event: 9.034 GC heap after
{Heap after GC invocations=7 (full 0):
 garbage-first heap   total 48128K, used 17462K [0x0000000081e00000, 0x0000000100000000)
  region size 1024K, 2 young (2048K), 2 survivors (2048K)
 Metaspace       used 30831K, committed 31168K, reserved 1114112K
  class space    used 3751K, committed 3904K, reserved 1048576K
}
Event: 9.719 GC heap before
{Heap before GC invocations=7 (full 0):
 garbage-first heap   total 48128K, used 32822K [0x0000000081e00000, 0x0000000100000000)
  region size 1024K, 18 young (18432K), 2 survivors (2048K)
 Metaspace       used 35600K, committed 35968K, reserved 1114112K
  class space    used 4534K, committed 4736K, reserved 1048576K
}
Event: 9.724 GC heap after
{Heap after GC invocations=8 (full 0):
 garbage-first heap   total 48128K, used 18504K [0x0000000081e00000, 0x0000000100000000)
  region size 1024K, 3 young (3072K), 3 survivors (3072K)
 Metaspace       used 35600K, committed 35968K, reserved 1114112K
  class space    used 4534K, committed 4736K, reserved 1048576K
}
Event: 10.966 GC heap before
{Heap before GC invocations=9 (full 0):
 garbage-first heap   total 48128K, used 38984K [0x0000000081e00000, 0x0000000100000000)
  region size 1024K, 23 young (23552K), 3 survivors (3072K)
 Metaspace       used 44617K, committed 45056K, reserved 1114112K
  class space    used 5623K, committed 5824K, reserved 1048576K
}
Event: 10.974 GC heap after
{Heap after GC invocations=10 (full 0):
 garbage-first heap   total 48128K, used 20315K [0x0000000081e00000, 0x0000000100000000)
  region size 1024K, 3 young (3072K), 3 survivors (3072K)
 Metaspace       used 44617K, committed 45056K, reserved 1114112K
  class space    used 5623K, committed 5824K, reserved 1048576K
}
Event: 11.868 GC heap before
{Heap before GC invocations=10 (full 0):
 garbage-first heap   total 48128K, used 39771K [0x0000000081e00000, 0x0000000100000000)
  region size 1024K, 22 young (22528K), 3 survivors (3072K)
 Metaspace       used 50215K, committed 50624K, reserved 1114112K
  class space    used 6458K, committed 6656K, reserved 1048576K
}
Event: 11.876 GC heap after
{Heap after GC invocations=11 (full 0):
 garbage-first heap   total 48128K, used 21442K [0x0000000081e00000, 0x0000000100000000)
  region size 1024K, 2 young (2048K), 2 survivors (2048K)
 Metaspace       used 50215K, committed 50624K, reserved 1114112K
  class space    used 6458K, committed 6656K, reserved 1048576K
}

